DEBUG - 2024-12-10 00:01:21 --> El método registrar ha sido llamado
DEBUG - 2024-12-10 00:01:21 --> No se recibió el método POST
INFO - 2024-12-10 00:01:21 --> Session: Class initialized using 'CodeIgniter\Session\Handlers\FileHandler' driver.
DEBUG - 2024-12-10 00:01:42 --> El método registrar ha sido llamado
DEBUG - 2024-12-10 00:01:42 --> No se recibió el método POST
INFO - 2024-12-10 00:01:42 --> Session: Class initialized using 'CodeIgniter\Session\Handlers\FileHandler' driver.
DEBUG - 2024-12-10 00:01:43 --> El método registrar ha sido llamado
DEBUG - 2024-12-10 00:01:43 --> No se recibió el método POST
INFO - 2024-12-10 00:01:43 --> Session: Class initialized using 'CodeIgniter\Session\Handlers\FileHandler' driver.
DEBUG - 2024-12-10 00:03:13 --> El método registrar ha sido llamado
DEBUG - 2024-12-10 00:03:13 --> No se recibió el método POST
INFO - 2024-12-10 00:03:13 --> Session: Class initialized using 'CodeIgniter\Session\Handlers\FileHandler' driver.
DEBUG - 2024-12-10 00:03:14 --> El método registrar ha sido llamado
DEBUG - 2024-12-10 00:03:14 --> No se recibió el método POST
INFO - 2024-12-10 00:03:14 --> Session: Class initialized using 'CodeIgniter\Session\Handlers\FileHandler' driver.
DEBUG - 2024-12-10 00:03:26 --> El método registrar ha sido llamado
DEBUG - 2024-12-10 00:03:26 --> No se recibió el método POST
INFO - 2024-12-10 00:03:26 --> Session: Class initialized using 'CodeIgniter\Session\Handlers\FileHandler' driver.
DEBUG - 2024-12-10 00:03:27 --> El método registrar ha sido llamado
DEBUG - 2024-12-10 00:03:27 --> No se recibió el método POST
INFO - 2024-12-10 00:03:27 --> Session: Class initialized using 'CodeIgniter\Session\Handlers\FileHandler' driver.
DEBUG - 2024-12-10 00:05:59 --> El método registrar ha sido llamado
DEBUG - 2024-12-10 00:05:59 --> No se recibió el método POST
INFO - 2024-12-10 00:05:59 --> Session: Class initialized using 'CodeIgniter\Session\Handlers\FileHandler' driver.
DEBUG - 2024-12-10 00:06:09 --> El método registrar ha sido llamado
DEBUG - 2024-12-10 00:06:09 --> No se recibió el método POST
INFO - 2024-12-10 00:06:09 --> Session: Class initialized using 'CodeIgniter\Session\Handlers\FileHandler' driver.
DEBUG - 2024-12-10 00:15:14 --> El método registrar ha sido llamado
DEBUG - 2024-12-10 00:15:14 --> No se recibió el método POST
INFO - 2024-12-10 00:15:14 --> Session: Class initialized using 'CodeIgniter\Session\Handlers\FileHandler' driver.
DEBUG - 2024-12-10 00:42:05 --> El método registrar ha sido llamado
DEBUG - 2024-12-10 00:42:05 --> No se recibió el método POST
INFO - 2024-12-10 00:42:05 --> Session: Class initialized using 'CodeIgniter\Session\Handlers\FileHandler' driver.
DEBUG - 2024-12-10 03:42:37 --> El método registrar ha sido llamado
DEBUG - 2024-12-10 03:42:37 --> No se recibió el método POST
INFO - 2024-12-10 03:42:37 --> Session: Class initialized using 'CodeIgniter\Session\Handlers\FileHandler' driver.
DEBUG - 2024-12-10 03:42:38 --> El método registrar ha sido llamado
DEBUG - 2024-12-10 03:42:38 --> No se recibió el método POST
INFO - 2024-12-10 03:42:38 --> Session: Class initialized using 'CodeIgniter\Session\Handlers\FileHandler' driver.
DEBUG - 2024-12-10 03:42:49 --> El método registrar ha sido llamado
DEBUG - 2024-12-10 03:42:49 --> No se recibió el método POST
INFO - 2024-12-10 03:42:49 --> Session: Class initialized using 'CodeIgniter\Session\Handlers\FileHandler' driver.
DEBUG - 2024-12-10 03:43:18 --> El método registrar ha sido llamado
DEBUG - 2024-12-10 03:43:18 --> No se recibió el método POST
INFO - 2024-12-10 03:43:18 --> Session: Class initialized using 'CodeIgniter\Session\Handlers\FileHandler' driver.
DEBUG - 2024-12-10 03:44:28 --> El método registrar ha sido llamado
DEBUG - 2024-12-10 03:44:28 --> No se recibió el método POST
INFO - 2024-12-10 03:44:28 --> Session: Class initialized using 'CodeIgniter\Session\Handlers\FileHandler' driver.
DEBUG - 2024-12-10 05:27:49 --> El método registrar ha sido llamado
DEBUG - 2024-12-10 05:27:49 --> No se recibió el método POST
INFO - 2024-12-10 05:27:49 --> Session: Class initialized using 'CodeIgniter\Session\Handlers\FileHandler' driver.
DEBUG - 2024-12-10 05:27:51 --> El método registrar ha sido llamado
DEBUG - 2024-12-10 05:27:51 --> No se recibió el método POST
INFO - 2024-12-10 05:27:51 --> Session: Class initialized using 'CodeIgniter\Session\Handlers\FileHandler' driver.
DEBUG - 2024-12-10 05:28:06 --> El método registrar ha sido llamado
DEBUG - 2024-12-10 05:28:06 --> No se recibió el método POST
INFO - 2024-12-10 05:28:06 --> Session: Class initialized using 'CodeIgniter\Session\Handlers\FileHandler' driver.
INFO - 2024-12-10 05:28:12 --> Session: Class initialized using 'CodeIgniter\Session\Handlers\FileHandler' driver.
INFO - 2024-12-10 05:28:36 --> Session: Class initialized using 'CodeIgniter\Session\Handlers\FileHandler' driver.
INFO - 2024-12-10 05:46:29 --> Session: Class initialized using 'CodeIgniter\Session\Handlers\FileHandler' driver.
INFO - 2024-12-10 05:46:36 --> Session: Class initialized using 'CodeIgniter\Session\Handlers\FileHandler' driver.
DEBUG - 2024-12-10 06:02:40 --> El método registrar ha sido llamado
DEBUG - 2024-12-10 06:02:40 --> No se recibió el método POST
INFO - 2024-12-10 06:02:40 --> Session: Class initialized using 'CodeIgniter\Session\Handlers\FileHandler' driver.
DEBUG - 2024-12-10 06:04:29 --> El método registrar ha sido llamado
DEBUG - 2024-12-10 06:04:29 --> No se recibió el método POST
INFO - 2024-12-10 06:04:29 --> Session: Class initialized using 'CodeIgniter\Session\Handlers\FileHandler' driver.
DEBUG - 2024-12-10 06:04:30 --> El método registrar ha sido llamado
DEBUG - 2024-12-10 06:04:30 --> No se recibió el método POST
INFO - 2024-12-10 06:04:30 --> Session: Class initialized using 'CodeIgniter\Session\Handlers\FileHandler' driver.
DEBUG - 2024-12-10 06:34:30 --> El método registrar ha sido llamado
DEBUG - 2024-12-10 06:34:30 --> No se recibió el método POST
INFO - 2024-12-10 06:34:30 --> Session: Class initialized using 'CodeIgniter\Session\Handlers\FileHandler' driver.
DEBUG - 2024-12-10 06:37:13 --> El método registrar ha sido llamado
DEBUG - 2024-12-10 06:37:13 --> No se recibió el método POST
INFO - 2024-12-10 06:37:13 --> Session: Class initialized using 'CodeIgniter\Session\Handlers\FileHandler' driver.
DEBUG - 2024-12-10 06:37:14 --> El método registrar ha sido llamado
DEBUG - 2024-12-10 06:37:14 --> No se recibió el método POST
INFO - 2024-12-10 06:37:14 --> Session: Class initialized using 'CodeIgniter\Session\Handlers\FileHandler' driver.
DEBUG - 2024-12-10 06:41:52 --> El método registrar ha sido llamado
DEBUG - 2024-12-10 06:41:52 --> Tipo de solicitud recibida: GET
DEBUG - 2024-12-10 06:41:52 --> No se recibió el método POST
DEBUG - 2024-12-10 06:41:52 --> 
INFO - 2024-12-10 06:41:52 --> Session: Class initialized using 'CodeIgniter\Session\Handlers\FileHandler' driver.
DEBUG - 2024-12-10 06:41:53 --> El método registrar ha sido llamado
DEBUG - 2024-12-10 06:41:53 --> Tipo de solicitud recibida: GET
DEBUG - 2024-12-10 06:41:53 --> No se recibió el método POST
DEBUG - 2024-12-10 06:41:53 --> 
INFO - 2024-12-10 06:41:53 --> Session: Class initialized using 'CodeIgniter\Session\Handlers\FileHandler' driver.
DEBUG - 2024-12-10 06:44:52 --> El método registrar ha sido llamado
DEBUG - 2024-12-10 06:44:52 --> Tipo de solicitud recibida: GET
DEBUG - 2024-12-10 06:44:52 --> No se recibió el método POST
DEBUG - 2024-12-10 06:44:52 --> 
INFO - 2024-12-10 06:44:52 --> Session: Class initialized using 'CodeIgniter\Session\Handlers\FileHandler' driver.
DEBUG - 2024-12-10 06:44:53 --> El método registrar ha sido llamado
DEBUG - 2024-12-10 06:44:53 --> Tipo de solicitud recibida: GET
DEBUG - 2024-12-10 06:44:53 --> No se recibió el método POST
DEBUG - 2024-12-10 06:44:53 --> 
INFO - 2024-12-10 06:44:53 --> Session: Class initialized using 'CodeIgniter\Session\Handlers\FileHandler' driver.
DEBUG - 2024-12-10 06:46:17 --> El método registrar ha sido llamado
DEBUG - 2024-12-10 06:46:17 --> Tipo de solicitud recibida: GET
DEBUG - 2024-12-10 06:46:17 --> No se recibió el método POST
DEBUG - 2024-12-10 06:46:17 --> 
INFO - 2024-12-10 06:46:17 --> Session: Class initialized using 'CodeIgniter\Session\Handlers\FileHandler' driver.
DEBUG - 2024-12-10 06:46:18 --> El método registrar ha sido llamado
DEBUG - 2024-12-10 06:46:18 --> Tipo de solicitud recibida: GET
DEBUG - 2024-12-10 06:46:18 --> No se recibió el método POST
DEBUG - 2024-12-10 06:46:18 --> 
INFO - 2024-12-10 06:46:18 --> Session: Class initialized using 'CodeIgniter\Session\Handlers\FileHandler' driver.
DEBUG - 2024-12-10 06:48:52 --> El método registrar ha sido llamado
DEBUG - 2024-12-10 06:48:52 --> Tipo de solicitud recibida: GET
DEBUG - 2024-12-10 06:48:52 --> No se recibió el método POST
DEBUG - 2024-12-10 06:48:52 --> 
INFO - 2024-12-10 06:48:52 --> Session: Class initialized using 'CodeIgniter\Session\Handlers\FileHandler' driver.
DEBUG - 2024-12-10 06:48:53 --> El método registrar ha sido llamado
DEBUG - 2024-12-10 06:48:53 --> Tipo de solicitud recibida: GET
DEBUG - 2024-12-10 06:48:53 --> No se recibió el método POST
DEBUG - 2024-12-10 06:48:53 --> 
INFO - 2024-12-10 06:48:54 --> Session: Class initialized using 'CodeIgniter\Session\Handlers\FileHandler' driver.
DEBUG - 2024-12-10 06:50:20 --> El método registrar ha sido llamado
DEBUG - 2024-12-10 06:50:20 --> Tipo de solicitud recibida: GET
DEBUG - 2024-12-10 06:50:20 --> No se recibió el método POST
DEBUG - 2024-12-10 06:50:20 --> 
INFO - 2024-12-10 06:50:20 --> Session: Class initialized using 'CodeIgniter\Session\Handlers\FileHandler' driver.
DEBUG - 2024-12-10 06:51:18 --> El método registrar (el original) ha sido llamado
DEBUG - 2024-12-10 06:51:18 --> Tipo de solicitud recibida: GET
DEBUG - 2024-12-10 06:51:18 --> No se recibió el método POST
DEBUG - 2024-12-10 06:51:18 --> 
INFO - 2024-12-10 06:51:18 --> Session: Class initialized using 'CodeIgniter\Session\Handlers\FileHandler' driver.
DEBUG - 2024-12-10 06:51:19 --> El método registrar (el original) ha sido llamado
DEBUG - 2024-12-10 06:51:19 --> Tipo de solicitud recibida: GET
DEBUG - 2024-12-10 06:51:19 --> No se recibió el método POST
DEBUG - 2024-12-10 06:51:19 --> 
INFO - 2024-12-10 06:51:19 --> Session: Class initialized using 'CodeIgniter\Session\Handlers\FileHandler' driver.
DEBUG - 2024-12-10 06:52:21 --> El método registrar (el original) ha sido llamado
DEBUG - 2024-12-10 06:52:21 --> Tipo de solicitud recibida: GET
DEBUG - 2024-12-10 06:52:21 --> No se recibió el método POST
DEBUG - 2024-12-10 06:52:21 --> 
INFO - 2024-12-10 06:52:21 --> Session: Class initialized using 'CodeIgniter\Session\Handlers\FileHandler' driver.
DEBUG - 2024-12-10 06:52:22 --> El método registrar (el original) ha sido llamado
DEBUG - 2024-12-10 06:52:22 --> Tipo de solicitud recibida: GET
DEBUG - 2024-12-10 06:52:22 --> No se recibió el método POST
DEBUG - 2024-12-10 06:52:22 --> 
INFO - 2024-12-10 06:52:22 --> Session: Class initialized using 'CodeIgniter\Session\Handlers\FileHandler' driver.
DEBUG - 2024-12-10 06:53:34 --> El método registrar (el original) ha sido llamado
DEBUG - 2024-12-10 06:53:34 --> Tipo de solicitud recibida: GET
CRITICAL - 2024-12-10 06:53:34 --> CodeIgniter\View\Exceptions\ViewException: Invalid file: "../amigos/register.php"
[Method: GET, Route: amigos/register]
in SYSTEMPATH\Exceptions\FrameworkException.php on line 41.
 1 SYSTEMPATH\View\View.php(222): CodeIgniter\Exceptions\FrameworkException::forInvalidFile('../amigos/register.php')
 2 SYSTEMPATH\Common.php(1171): CodeIgniter\View\View->render('../amigos/register', [], true)
 3 APPPATH\Controllers\Amigos.php(16): view('../amigos/register')
 4 SYSTEMPATH\CodeIgniter.php(933): App\Controllers\Amigos->registrar()
 5 SYSTEMPATH\CodeIgniter.php(509): CodeIgniter\CodeIgniter->runController(Object(App\Controllers\Amigos))
 6 SYSTEMPATH\CodeIgniter.php(355): CodeIgniter\CodeIgniter->handleRequest(null, Object(Config\Cache), false)
 7 SYSTEMPATH\Boot.php(325): CodeIgniter\CodeIgniter->run()
 8 SYSTEMPATH\Boot.php(67): CodeIgniter\Boot::runCodeIgniter(Object(CodeIgniter\CodeIgniter))
 9 FCPATH\index.php(56): CodeIgniter\Boot::bootWeb(Object(Config\Paths))
DEBUG - 2024-12-10 06:53:35 --> El método registrar (el original) ha sido llamado
DEBUG - 2024-12-10 06:53:35 --> Tipo de solicitud recibida: GET
CRITICAL - 2024-12-10 06:53:35 --> CodeIgniter\View\Exceptions\ViewException: Invalid file: "../amigos/register.php"
[Method: GET, Route: amigos/register]
in SYSTEMPATH\Exceptions\FrameworkException.php on line 41.
 1 SYSTEMPATH\View\View.php(222): CodeIgniter\Exceptions\FrameworkException::forInvalidFile('../amigos/register.php')
 2 SYSTEMPATH\Common.php(1171): CodeIgniter\View\View->render('../amigos/register', [], true)
 3 APPPATH\Controllers\Amigos.php(16): view('../amigos/register')
 4 SYSTEMPATH\CodeIgniter.php(933): App\Controllers\Amigos->registrar()
 5 SYSTEMPATH\CodeIgniter.php(509): CodeIgniter\CodeIgniter->runController(Object(App\Controllers\Amigos))
 6 SYSTEMPATH\CodeIgniter.php(355): CodeIgniter\CodeIgniter->handleRequest(null, Object(Config\Cache), false)
 7 SYSTEMPATH\Boot.php(325): CodeIgniter\CodeIgniter->run()
 8 SYSTEMPATH\Boot.php(67): CodeIgniter\Boot::runCodeIgniter(Object(CodeIgniter\CodeIgniter))
 9 FCPATH\index.php(56): CodeIgniter\Boot::bootWeb(Object(Config\Paths))
DEBUG - 2024-12-10 06:53:39 --> El método registrar (el original) ha sido llamado
DEBUG - 2024-12-10 06:53:39 --> Tipo de solicitud recibida: GET
CRITICAL - 2024-12-10 06:53:39 --> CodeIgniter\View\Exceptions\ViewException: Invalid file: "../amigos/register.php"
[Method: GET, Route: amigos/register]
in SYSTEMPATH\Exceptions\FrameworkException.php on line 41.
 1 SYSTEMPATH\View\View.php(222): CodeIgniter\Exceptions\FrameworkException::forInvalidFile('../amigos/register.php')
 2 SYSTEMPATH\Common.php(1171): CodeIgniter\View\View->render('../amigos/register', [], true)
 3 APPPATH\Controllers\Amigos.php(16): view('../amigos/register')
 4 SYSTEMPATH\CodeIgniter.php(933): App\Controllers\Amigos->registrar()
 5 SYSTEMPATH\CodeIgniter.php(509): CodeIgniter\CodeIgniter->runController(Object(App\Controllers\Amigos))
 6 SYSTEMPATH\CodeIgniter.php(355): CodeIgniter\CodeIgniter->handleRequest(null, Object(Config\Cache), false)
 7 SYSTEMPATH\Boot.php(325): CodeIgniter\CodeIgniter->run()
 8 SYSTEMPATH\Boot.php(67): CodeIgniter\Boot::runCodeIgniter(Object(CodeIgniter\CodeIgniter))
 9 FCPATH\index.php(56): CodeIgniter\Boot::bootWeb(Object(Config\Paths))
DEBUG - 2024-12-10 06:53:44 --> El método registrar (el original) ha sido llamado
DEBUG - 2024-12-10 06:53:44 --> Tipo de solicitud recibida: GET
INFO - 2024-12-10 06:53:44 --> Session: Class initialized using 'CodeIgniter\Session\Handlers\FileHandler' driver.
